********************************************************************************
DUPLICATOR-LITE PACKAGE-LOG: 2017-03-28 17:35:23
NOTICE: Do NOT post to public sites or forums 
********************************************************************************
VERSION:	1.1.34
WORDPRESS:	4.7.3
PHP INFO:	7.0.9 | SAPI: apache2handler
SERVER:		Apache/2.2.31 (Win32) DAV/2 mod_ssl/2.2.31 OpenSSL/1.0.2e mod_fcgid/2.3.9 mod_wsgi/3.4 Python/2.7.6 PHP/7.0.9 mod_perl/2.0.8 Perl/v5.16.3 
PHP TIME LIMIT: (0) no time limit imposed 
PHP MAX MEMORY: 2048M (128M default) 
MEMORY STACK: 2MB 

********************************************************************************
DATABASE:
********************************************************************************
BUILD MODE:   PHP(query limit - 100)
MYSQLTIMEOUT: 5000
MYSQLDUMP:    Not Supported 
TABLES: total:17 | filtered:0 | create:17 
FILTERED: [] 
SQL CREATED: 20170317_passionrouge_58da9ece06b863796170328173510_database.sql 
SQL FILE SIZE: 836.28KB (856350) 
SQL FILE TIME: 2017-03-28 17:35:23 
SQL RUNTIME: 0.15 sec. 

******************************************************************************** 
ARCHIVE (ZIP): 
******************************************************************************** 
ARCHIVE DIR:  C:/MAMP/htdocs/passionrouge 
ARCHIVE FILE: 20170317_passionrouge_58da9ece06b863796170328173510_archive.zip 
FILTERS: *OFF* 
DIRS: not set 
EXTS:  not set 
---------------------------------------- 
COMPRESSING 
SIZE:	42.41MB 
STATS:	Dirs 221 | Files 1,918 
SQL ADDED: 20170317_passionrouge_58da9ece06b863796170328173510_database.sql 
ZipArchive Object
(
    [status] => 0
    [statusSys] => 0
    [numFiles] => 2139
    [filename] => C:\MAMP\htdocs\passionrouge\wp-snapshots\tmp\20170317_passionrouge_58da9ece06b863796170328173510_archive.zip
    [comment] => 
)
 
COMPRESSION RESULT: '1' 
COMPRESSED SIZE: 25.56MB 
ARCHIVE RUNTIME: 20.72 sec. 
MEMORY STACK: 4MB 

******************************************************************************** 
MAKE INSTALLER: 
******************************************************************************** 
Build Start 
Build Finished 
Preping for use 
Template parsed with new data 
Complete [C:/MAMP/htdocs/passionrouge/wp-snapshots/tmp/20170317_passionrouge_58da9ece06b863796170328173510_installer.php] 
Added to archive 

******************************************************************************** 
INTEGRITY CHECKS: 
******************************************************************************** 
SQL File: 836.28KB 
Installer File: 394.7KB 
Archive File: 25.56MB  

********************************************************************************
RECORD ID:[2]
TOTAL PROCESS RUNTIME: 21.70 sec.
PEAK PHP MEMORY USED: 4MB
DONE PROCESSING => 20170317_passionrouge 2017-03-28 17:35:45
 
