********************************************************************************
DUPLICATOR-LITE PACKAGE-LOG: 2017-04-10 04:52:01
NOTICE: Do NOT post to public sites or forums 
********************************************************************************
VERSION:	1.1.34
WORDPRESS:	4.7.3
PHP INFO:	7.0.9 | SAPI: apache2handler
SERVER:		Apache/2.2.31 (Win32) DAV/2 mod_ssl/2.2.31 OpenSSL/1.0.2e mod_fcgid/2.3.9 mod_wsgi/3.4 Python/2.7.6 PHP/7.0.9 mod_perl/2.0.8 Perl/v5.16.3 
PHP TIME LIMIT: (0) no time limit imposed 
PHP MAX MEMORY: 2048M (128M default) 
MEMORY STACK: 2MB 

********************************************************************************
DATABASE:
********************************************************************************
BUILD MODE:   PHP(query limit - 100)
MYSQLTIMEOUT: 5000
MYSQLDUMP:    Not Supported 
TABLES: total:17 | filtered:0 | create:17 
FILTERED: [] 
SQL CREATED: 20170317_passionrouge_58eb0f6494d991291170410045148_database.sql 
SQL FILE SIZE: 982.56KB (1006145) 
SQL FILE TIME: 2017-04-10 04:52:01 
SQL RUNTIME: 0.22 sec. 

******************************************************************************** 
ARCHIVE (ZIP): 
******************************************************************************** 
ARCHIVE DIR:  C:/MAMP/htdocs/passionrouge 
ARCHIVE FILE: 20170317_passionrouge_58eb0f6494d991291170410045148_archive.zip 
FILTERS: *OFF* 
DIRS: not set 
EXTS:  not set 
---------------------------------------- 
COMPRESSING 
SIZE:	47.16MB 
STATS:	Dirs 222 | Files 1,937 
SQL ADDED: 20170317_passionrouge_58eb0f6494d991291170410045148_database.sql 
ZipArchive Object
(
    [status] => 0
    [statusSys] => 0
    [numFiles] => 2159
    [filename] => C:\MAMP\htdocs\passionrouge\wp-snapshots\tmp\20170317_passionrouge_58eb0f6494d991291170410045148_archive.zip
    [comment] => 
)
 
COMPRESSION RESULT: '1' 
COMPRESSED SIZE: 30.2MB 
ARCHIVE RUNTIME: 17.09 sec. 
MEMORY STACK: 4MB 

******************************************************************************** 
MAKE INSTALLER: 
******************************************************************************** 
Build Start 
Build Finished 
Preping for use 
Template parsed with new data 
Complete [C:/MAMP/htdocs/passionrouge/wp-snapshots/tmp/20170317_passionrouge_58eb0f6494d991291170410045148_installer.php] 
Added to archive 

******************************************************************************** 
INTEGRITY CHECKS: 
******************************************************************************** 
SQL File: 982.56KB 
Installer File: 394.7KB 
Archive File: 30.2MB  

********************************************************************************
RECORD ID:[3]
TOTAL PROCESS RUNTIME: 17.84 sec.
PEAK PHP MEMORY USED: 6MB
DONE PROCESSING => 20170317_passionrouge 2017-04-10 04:52:19
 
